2026-01-29 23:22:13,699 {'checkpoint': 'datasets/data/pretrained/tensorflow.pth.tar',
 'checkpoint_dir': 'checkpoints/designA/designA_poster_samples/designa_vgg_baseline_0129232213',
 'dataset': {'camera_c': array([112., 112.]),
             'camera_f': array([250., 250.]),
             'mesh_pos': array([0., 0., 0.]),
             'name': 'shapenet_demo',
             'normalization': False,
             'num_classes': 13,
             'predict': {'folder': 'datasets/examples_for_poster'},
             'shapenet': {'num_points': 9000,
                          'resize_with_constant_border': True},
             'subset_eval': 'test_tf',
             'subset_train': 'train_tf'},
 'log_dir': 'logs/designA/designA_poster_samples',
 'log_level': 'info',
 'loss': {'weights': {'chamfer': array([1., 1., 1.]),
                      'chamfer_opposite': 0.55,
                      'constant': 1.0,
                      'edge': 0.1,
                      'laplace': 0.5,
                      'move': 0.033,
                      'normal': 0.00016,
                      'reconst': 0.0}},
 'model': {'align_with_tensorflow': True,
           'backbone': 'vgg16',
           'coord_dim': 3,
           'gconv_activation': True,
           'hidden_dim': 256,
           'last_hidden_dim': 128,
           'name': 'pixel2mesh',
           'z_threshold': 0},
 'name': 'designA_poster_samples',
 'num_gpus': 1,
 'num_workers': 4,
 'optim': {'adam_beta1': 0.9,
           'lr': 1e-06,
           'lr_factor': 0.1,
           'lr_step': array([30, 45]),
           'name': 'adam',
           'sgd_momentum': 0.9,
           'wd': 1e-06},
 'pin_memory': True,
 'summary_dir': 'summary/designA/designA_poster_samples/designa_vgg_baseline_0129232213',
 'test': {'batch_size': 8,
          'dataset': array([], dtype=float64),
          'shuffle': False,
          'summary_steps': 5,
          'weighted_mean': False},
 'train': {'batch_size': 1,
           'checkpoint_steps': 10000,
           'num_epochs': 2,
           'shuffle': True,
           'summary_steps': 1,
           'test_epochs': 1,
           'use_augmentation': True},
 'version': 'designa_vgg_baseline_0129232213'}
2026-01-29 23:22:13,760 Using GPUs: [0]
2026-01-29 23:22:13,760 Loading datasets: shapenet_demo
2026-01-29 23:22:13,769 Running model initialization...
2026-01-29 23:22:15,360 Loading checkpoint file: /workspace/datasets/data/pretrained/tensorflow.pth.tar
2026-01-29 23:22:15,435 Optimizers not found in the runner, skipping...
2026-01-29 23:22:15,435 Running predictions...
2026-01-29 23:22:15,538 Predicting [00000/00026]
2026-01-29 23:22:38,866 Predicting [00008/00026]
2026-01-29 23:23:00,370 Predicting [00016/00026]
2026-01-29 23:23:21,537 Predicting [00024/00026]
